<?xml version="1.0" encoding="UTF-8"?>
<!-- Generated by org.testng.reporters.JUnitReportReporter -->
<testsuite hostname="AdminIT-PC" name="com.apalya.resume_update.test.update_test" tests="1" failures="0" timestamp="16 Aug 2014 06:57:19 GMT" time="102.544" errors="0">
  <testcase name="profileupdate" time="102.544" classname="com.apalya.resume_update.test.update_test"/>
</testsuite> <!-- com.apalya.resume_update.test.update_test -->
